#
# There is insufficient memory for the Java Runtime Environment to continue.
# Native memory allocation (mmap) failed to map 132120576 bytes for G1 virtual space
# Possible reasons:
#   The system is out of physical RAM or swap space
#   The process is running with CompressedOops enabled, and the Java Heap may be blocking the growth of the native heap
# Possible solutions:
#   Reduce memory load on the system
#   Increase physical memory or swap space
#   Check if swap backing store is full
#   Decrease Java heap size (-Xmx/-Xms)
#   Decrease number of Java threads
#   Decrease Java thread stack sizes (-Xss)
#   Set larger code cache with -XX:ReservedCodeCacheSize=
#   JVM is running with Unscaled Compressed Oops mode in which the Java heap is
#     placed in the first 4GB address space. The Java Heap base address is the
#     maximum limit for the native heap growth. Please use -XX:HeapBaseMinAddress
#     to set the Java Heap base and to place the Java Heap above 4GB virtual address.
# This output file may be truncated or incomplete.
#
#  Out of Memory Error (./open/src/hotspot/os/windows/os_windows.cpp:3321), pid=20408, tid=4484
#
# JRE version:  (15.0.2+7) (build )
# Java VM: Java HotSpot(TM) 64-Bit Server VM (15.0.2+7-27, mixed mode, sharing, tiered, compressed oops, g1 gc, windows-amd64)
# No core dump will be written. Minidumps are not enabled by default on client versions of Windows
#

---------------  S U M M A R Y ------------

Command Line: -Dfile.encoding=Cp1252 -XX:+ShowCodeDetailsInExceptionMessages second.ud

Host: Intel(R) Core(TM) i7-9750H CPU @ 2.60GHz, 12 cores, 7G,  Windows 10 , 64 bit Build 22000 (10.0.22000.37)
Time: Tue Jul 20 12:31:59 2021 India Standard Time elapsed time: 0.017321 seconds (0d 0h 0m 0s)

---------------  T H R E A D  ---------------

Current thread (0x00000194d5532a40):  JavaThread "Unknown thread" [_thread_in_vm, id=4484, stack(0x00000092adf00000,0x00000092ae000000)]

Stack: [0x00000092adf00000,0x00000092ae000000]
Native frames: (J=compiled Java code, j=interpreted, Vv=VM code, C=native code)
V  [jvm.dll+0x62ae9a]
V  [jvm.dll+0x7817a9]
V  [jvm.dll+0x782f03]
V  [jvm.dll+0x783563]
V  [jvm.dll+0x216325]
V  [jvm.dll+0x6281d9]
V  [jvm.dll+0x61cf55]
V  [jvm.dll+0x2cffdd]
V  [jvm.dll+0x2cfe42]
V  [jvm.dll+0x2d5e1c]
V  [jvm.dll+0x32590a]
V  [jvm.dll+0x324fd4]
V  [jvm.dll+0x2a6f5a]
V  [jvm.dll+0x2a80f8]
V  [jvm.dll+0x75e241]
V  [jvm.dll+0x3341c4]
V  [jvm.dll+0x73e926]
V  [jvm.dll+0x3b7557]
V  [jvm.dll+0x3b8fe1]
C  [jli.dll+0x52fb]
C  [ucrtbase.dll+0x26c0c]
C  [KERNEL32.DLL+0x154e0]
C  [ntdll.dll+0x485b]


---------------  P R O C E S S  ---------------

Threads class SMR info:
_java_thread_list=0x00007ff89d604ff0, length=0, elements={
}

Java Threads: ( => current thread )

Other Threads:
  0x00000194d5571490 GCTaskThread "GC Thread#0" [stack: 0x00000092ae000000,0x00000092ae100000] [id=12180]
  0x00000194d55820e0 ConcurrentGCThread "G1 Main Marker" [stack: 0x00000092ae100000,0x00000092ae200000] [id=8220]
  0x00000194d5583470 ConcurrentGCThread "G1 Conc#0" [stack: 0x00000092ae200000,0x00000092ae300000] [id=23032]

[error occurred during error reporting (printing all threads), id 0xc0000005, EXCEPTION_ACCESS_VIOLATION (0xc0000005) at pc=0x00007ff89cdf7e27]

VM state: not at safepoint (not fully initialized)

VM Mutex/Monitor currently owned by a thread:  ([mutex/lock_event])
[0x00000194d552c070] Heap_lock - owner thread: 0x00000194d5532a40

Heap address: 0x0000000082800000, size: 2008 MB, Compressed Oops mode: 32-bit
CDS archive(s) mapped at: [0x0000000000000000-0x0000000000000000-0x0000000000000000), size 0, SharedBaseAddress: 0x0000000800000000, ArchiveRelocationMode: 0.
Narrow klass base: 0x0000000000000000, Narrow klass shift: 0, Narrow klass range: 0x0

Heap:
 garbage-first heap   total 129024K, used 0K [0x0000000082800000, 0x0000000100000000)
  region size 1024K, 0 young (0K), 0 survivors (0K)
 Metaspace       used 0K, capacity 0K, committed 0K, reserved 0K
  class space    used 0K, capacity 0K, committed 0K, reserved 0K

Heap Regions: E=young(eden), S=young(survivor), O=old, HS=humongous(starts), HC=humongous(continues), CS=collection set, F=free, OA=open archive, CA=closed archive, TAMS=top-at-mark-start (previous, next)

Card table byte_map: [0x00000194ed0a0000,0x00000194ed490000] _byte_map_base: 0x00000194ecc8c000

Marking Bits (Prev, Next): (CMBitMap*) 0x00000194d5571c80, (CMBitMap*) 0x00000194d5571cc0
 Prev Bits: [0x00000194ed880000, 0x00000194ef7e0000)
 Next Bits: [0x00000194ef7e0000, 0x00000194f1740000)

GC Heap History (0 events):
No events

Deoptimization events (0 events):
No events

Classes unloaded (0 events):
No events

Classes redefined (0 events):
No events

Internal exceptions (0 events):
No events

Events (1 events):
Event: 0.011 Loaded shared library C:\Program Files\Java\jdk-15.0.2\bin\java.dll


Dynamic libraries:
0x00007ff68a540000 - 0x00007ff68a54f000 	C:\Program Files\Java\jdk-15.0.2\bin\javaw.exe
0x00007ff91f760000 - 0x00007ff91f967000 	C:\WINDOWS\SYSTEM32\ntdll.dll
0x00007ff91ed80000 - 0x00007ff91ee3d000 	C:\WINDOWS\System32\KERNEL32.DLL
0x00007ff91d030000 - 0x00007ff91d3a4000 	C:\WINDOWS\System32\KERNELBASE.dll
0x00007ff91a210000 - 0x00007ff91a2a1000 	C:\WINDOWS\SYSTEM32\apphelp.dll
0x00007ff91cf10000 - 0x00007ff91d021000 	C:\WINDOWS\System32\ucrtbase.dll
0x00007ff913080000 - 0x00007ff913098000 	C:\Program Files\Java\jdk-15.0.2\bin\jli.dll
0x00007ff913060000 - 0x00007ff913079000 	C:\Program Files\Java\jdk-15.0.2\bin\VCRUNTIME140.dll
0x00007ff91f100000 - 0x00007ff91f1ac000 	C:\WINDOWS\System32\ADVAPI32.dll
0x00007ff91f670000 - 0x00007ff91f713000 	C:\WINDOWS\System32\msvcrt.dll
0x00007ff91db80000 - 0x00007ff91dc1d000 	C:\WINDOWS\System32\sechost.dll
0x00007ff91e8d0000 - 0x00007ff91e9f1000 	C:\WINDOWS\System32\RPCRT4.dll
0x00007ff91d6e0000 - 0x00007ff91d88c000 	C:\WINDOWS\System32\USER32.dll
0x00007ff91d520000 - 0x00007ff91d546000 	C:\WINDOWS\System32\win32u.dll
0x00007ff90b640000 - 0x00007ff90b8e5000 	C:\WINDOWS\WinSxS\amd64_microsoft.windows.common-controls_6595b64144ccf1df_6.0.22000.51_none_25c0e06ad7789dba\COMCTL32.dll
0x00007ff91f2a0000 - 0x00007ff91f2c9000 	C:\WINDOWS\System32\GDI32.dll
0x00007ff91cc40000 - 0x00007ff91cd52000 	C:\WINDOWS\System32\gdi32full.dll
0x00007ff91d550000 - 0x00007ff91d5ed000 	C:\WINDOWS\System32\msvcp_win.dll
0x00007ff9149c0000 - 0x00007ff9149ca000 	C:\WINDOWS\SYSTEM32\VERSION.dll
0x00007ff91db30000 - 0x00007ff91db61000 	C:\WINDOWS\System32\IMM32.DLL
0x00007ff908ce0000 - 0x00007ff908cec000 	C:\Program Files\Java\jdk-15.0.2\bin\vcruntime140_1.dll
0x00007ff90a460000 - 0x00007ff90a4f1000 	C:\Program Files\Java\jdk-15.0.2\bin\msvcp140.dll
0x00007ff89cb40000 - 0x00007ff89d69e000 	C:\Program Files\Java\jdk-15.0.2\bin\server\jvm.dll
0x00007ff91f290000 - 0x00007ff91f298000 	C:\WINDOWS\System32\PSAPI.DLL
0x00007ff916dd0000 - 0x00007ff916e03000 	C:\WINDOWS\SYSTEM32\WINMM.dll
0x00007ff9044c0000 - 0x00007ff9044c9000 	C:\WINDOWS\SYSTEM32\WSOCK32.dll
0x00007ff91d8f0000 - 0x00007ff91d95f000 	C:\WINDOWS\System32\WS2_32.dll
0x00007ff91bde0000 - 0x00007ff91bdf8000 	C:\WINDOWS\SYSTEM32\kernel.appcore.dll
0x00007ff91a1d0000 - 0x00007ff91a1da000 	C:\Program Files\Java\jdk-15.0.2\bin\jimage.dll
0x00007ff905ca0000 - 0x00007ff905ec1000 	C:\WINDOWS\SYSTEM32\DBGHELP.DLL
0x00007ff8fb760000 - 0x00007ff8fb791000 	C:\WINDOWS\SYSTEM32\dbgcore.DLL
0x00007ff91cd60000 - 0x00007ff91cde0000 	C:\WINDOWS\System32\bcryptPrimitives.dll
0x00007ff913030000 - 0x00007ff913055000 	C:\Program Files\Java\jdk-15.0.2\bin\java.dll

dbghelp: loaded successfully - version: 4.0.5 - missing functions: none
symbol engine: initialized successfully - sym options: 0x614 - pdb path: .;C:\Program Files\Java\jdk-15.0.2\bin;C:\WINDOWS\SYSTEM32;C:\WINDOWS\WinSxS\amd64_microsoft.windows.common-controls_6595b64144ccf1df_6.0.22000.51_none_25c0e06ad7789dba;C:\Program Files\Java\jdk-15.0.2\bin\server

VM Arguments:
jvm_args: -Dfile.encoding=Cp1252 -XX:+ShowCodeDetailsInExceptionMessages 
java_command: second.ud
java_class_path (initial): C:\Users\NITHIN\eclipse-workspace\second\bin
Launcher Type: SUN_STANDARD

[Global flags]
     intx CICompilerCount                          = 4                                         {product} {ergonomic}
     uint ConcGCThreads                            = 3                                         {product} {ergonomic}
     uint G1ConcRefinementThreads                  = 10                                        {product} {ergonomic}
   size_t G1HeapRegionSize                         = 1048576                                   {product} {ergonomic}
    uintx GCDrainStackTargetSize                   = 64                                        {product} {ergonomic}
   size_t InitialHeapSize                          = 132120576                                 {product} {ergonomic}
   size_t MarkStackSize                            = 4194304                                   {product} {ergonomic}
   size_t MaxHeapSize                              = 2105540608                                {product} {ergonomic}
   size_t MinHeapDeltaBytes                        = 1048576                                   {product} {ergonomic}
   size_t MinHeapSize                              = 8388608                                   {product} {ergonomic}
    uintx NonNMethodCodeHeapSize                   = 5839372                                {pd product} {ergonomic}
    uintx NonProfiledCodeHeapSize                  = 122909434                              {pd product} {ergonomic}
    uintx ProfiledCodeHeapSize                     = 122909434                              {pd product} {ergonomic}
    uintx ReservedCodeCacheSize                    = 251658240                              {pd product} {ergonomic}
     bool SegmentedCodeCache                       = true                                      {product} {ergonomic}
     bool ShowCodeDetailsInExceptionMessages       = true                                   {manageable} {command line}
   size_t SoftMaxHeapSize                          = 2105540608                             {manageable} {ergonomic}
     bool UseCompressedClassPointers               = true                                 {lp64_product} {ergonomic}
     bool UseCompressedOops                        = true                                 {lp64_product} {ergonomic}
     bool UseG1GC                                  = true                                      {product} {ergonomic}
     bool UseLargePagesIndividualAllocation        = false                                  {pd product} {ergonomic}

Logging:
Log output configuration:
 #0: stdout all=warning uptime,level,tags
 #1: stderr all=off uptime,level,tags

Environment Variables:
PATH=C:/Program Files/Java/jdk-15.0.2/bin/server;C:/Program Files/Java/jdk-15.0.2/bin;C:\oraclexe\app\oracle\product\11.2.0\server\bin;C:\software\WINDOWS.X64_193000_db_home\bin;C:\Windows\system32;C:\Windows;C:\Windows\System32\Wbem;C:\Windows\System32\WindowsPowerShell\v1.0\;C:\Windows\System32\OpenSSH\;C:\Program Files (x86)\Intel\Intel(R) Management Engine Components\DAL;C:\Program Files\Intel\Intel(R) Management Engine Components\DAL;C:\Program Files\NVIDIA Corporation\NVIDIA NGX;C:\Program Files (x86)\NVIDIA Corporation\PhysX\Common;C:\Program Files\NVIDIA Corporation\NVIDIA NvDLISR;C:\WINDOWS\system32;C:\WINDOWS;C:\WINDOWS\System32\Wbem;C:\WINDOWS\System32\WindowsPowerShell\v1.0\;C:\WINDOWS\System32\OpenSSH\;bin\com.pantech.myModule;C:\Program Files\Git\cmd;C:\xampp\php;C:\MinGW\bin;C:\src\flutter\bin;C:\Program Files\Java\jdk-15.0.2\bin;C:\Users\NITHIN\AppData\Local\Microsoft\WindowsApps;C:\Users\NITHIN\AppData\Local\atom\bin;C:\Users\NITHIN\AppData\Local\GitHubDesktop\bin;C:\Program Files\JetBrains\PhpStorm 2020.3\bin;;C:\Users\NITHIN\AppData\Local\Microsoft\WindowsApps;C:\Users\NITHIN\AppData\Local\Programs\Microsoft VS Code\bin;C:\xampp\php;C:\Program Files\CodeBlocks\MinGW\bin;C:\src\flutter\bin;C:\Program Files\Java\jdk-15.0.2\bin;;C:\WINDOWS\System32;
USERNAME=NITHIN
OS=Windows_NT
PROCESSOR_IDENTIFIER=Intel64 Family 6 Model 158 Stepping 10, GenuineIntel



---------------  S Y S T E M  ---------------

OS:
 Windows 10 , 64 bit Build 22000 (10.0.22000.37)
OS uptime: 1 days 17:50 hours

CPU: total 12 (initial active 12) (6 cores per cpu, 2 threads per core) family 6 model 158 stepping 10 microcode 0xde, cmov, cx8, fxsr, mmx, sse, sse2, sse3, ssse3, sse4.1, sse4.2, popcnt, vzeroupper, avx, avx2, aes, clmul, erms, 3dnowpref, lzcnt, ht, tsc, tscinvbit, bmi1, bmi2, adx, fma, clflush, clflushopt

Memory: 4k page, system-wide physical 8029M (1024M free)
TotalPageFile size 32605M (AvailPageFile size 66M)
current process WorkingSet (physical memory assigned to process): 11M, peak: 11M
current process commit charge ("private bytes"): 64M, peak: 190M

vm_info: Java HotSpot(TM) 64-Bit Server VM (15.0.2+7-27) for windows-amd64 JRE (15.0.2+7-27), built on Dec  7 2020 20:07:01 by "mach5one" with unknown MS VC++:1925

END.
